# JRE version: Java(TM) SE Runtime Environment 18.9 (11.0.11+9) (build 11.0.11+9-LTS-194)
# Java VM: Java HotSpot(TM) 64-Bit Server VM 18.9 (11.0.11+9-LTS-194, mixed mode, tiered, compressed oops, g1 gc, windows-amd64)
Heap:
 garbage-first heap   total 32768K, used 16849K [0x00000000fc000000, 0x0000000100000000)
  region size 1024K, 14 young (14336K), 1 survivors (1024K)
 Metaspace       used 20072K, capacity 20503K, committed 20608K, reserved 1067008K
  class space    used 2018K, capacity 2162K, committed 2176K, reserved 1048576K
GC Heap History (10 events):
Event: 7.852 GC heap before
{Heap before GC invocations=0 (full 0):
 garbage-first heap   total 32768K, used 15360K [0x00000000fc000000, 0x0000000100000000)
  region size 1024K, 14 young (14336K), 0 survivors (0K)
 Metaspace       used 13453K, capacity 13691K, committed 13696K, reserved 1060864K
  class space    used 1317K, capacity 1406K, committed 1408K, reserved 1048576K
}
Event: 7.895 GC heap after
{Heap after GC invocations=1 (full 0):
 garbage-first heap   total 32768K, used 3979K [0x00000000fc000000, 0x0000000100000000)
  region size 1024K, 2 young (2048K), 2 survivors (2048K)
 Metaspace       used 13453K, capacity 13691K, committed 13696K, reserved 1060864K
  class space    used 1317K, capacity 1406K, committed 1408K, reserved 1048576K
}
Event: 118.315 GC heap before
{Heap before GC invocations=1 (full 0):
 garbage-first heap   total 32768K, used 15243K [0x00000000fc000000, 0x0000000100000000)
  region size 1024K, 13 young (13312K), 2 survivors (2048K)
 Metaspace       used 17169K, capacity 17452K, committed 17536K, reserved 1064960K
  class space    used 1781K, capacity 1894K, committed 1920K, reserved 1048576K
}
Event: 118.355 GC heap after
{Heap after GC invocations=2 (full 0):
 garbage-first heap   total 32768K, used 5301K [0x00000000fc000000, 0x0000000100000000)
  region size 1024K, 2 young (2048K), 2 survivors (2048K)
 Metaspace       used 17169K, capacity 17452K, committed 17536K, reserved 1064960K
  class space    used 1781K, capacity 1894K, committed 1920K, reserved 1048576K
}
Event: 357.167 GC heap before
{Heap before GC invocations=2 (full 0):
 garbage-first heap   total 32768K, used 17589K [0x00000000fc000000, 0x0000000100000000)
  region size 1024K, 14 young (14336K), 2 survivors (2048K)
 Metaspace       used 18248K, capacity 18673K, committed 18944K, reserved 1067008K
  class space    used 1847K, capacity 2008K, committed 2048K, reserved 1048576K
}
Event: 357.203 GC heap after
{Heap after GC invocations=3 (full 0):
 garbage-first heap   total 32768K, used 5500K [0x00000000fc000000, 0x0000000100000000)
  region size 1024K, 1 young (1024K), 1 survivors (1024K)
 Metaspace       used 18248K, capacity 18673K, committed 18944K, reserved 1067008K
  class space    used 1847K, capacity 2008K, committed 2048K, reserved 1048576K
}
Event: 565.632 GC heap before
{Heap before GC invocations=3 (full 0):
 garbage-first heap   total 32768K, used 18812K [0x00000000fc000000, 0x0000000100000000)
  region size 1024K, 14 young (14336K), 1 survivors (1024K)
 Metaspace       used 18536K, capacity 18977K, committed 19200K, reserved 1067008K
  class space    used 1854K, capacity 2018K, committed 2048K, reserved 1048576K
}
Event: 565.647 GC heap after
{Heap after GC invocations=4 (full 0):
 garbage-first heap   total 32768K, used 5412K [0x00000000fc000000, 0x0000000100000000)
  region size 1024K, 1 young (1024K), 1 survivors (1024K)
 Metaspace       used 18536K, capacity 18977K, committed 19200K, reserved 1067008K
  class space    used 1854K, capacity 2018K, committed 2048K, reserved 1048576K
}
Event: 799.126 GC heap before
{Heap before GC invocations=4 (full 0):
 garbage-first heap   total 32768K, used 19748K [0x00000000fc000000, 0x0000000100000000)
  region size 1024K, 15 young (15360K), 1 survivors (1024K)
 Metaspace       used 19638K, capacity 20037K, committed 20352K, reserved 1067008K
  class space    used 1966K, capacity 2114K, committed 2176K, reserved 1048576K
}
Event: 799.151 GC heap after
{Heap after GC invocations=5 (full 0):
 garbage-first heap   total 32768K, used 5585K [0x00000000fc000000, 0x0000000100000000)
  region size 1024K, 1 young (1024K), 1 survivors (1024K)
 Metaspace       used 19638K, capacity 20037K, committed 20352K, reserved 1067008K
  class space    used 1966K, capacity 2114K, committed 2176K, reserved 1048576K
}

